<?xml version="1.0" encoding="UTF-8"?>
<!-- Generated by org.testng.reporters.JUnitReportReporter -->
<testsuite skipped="0" hostname="LTA1INY4S2" name="com.demoTestcases.demo" tests="1" failures="0" timestamp="2021-11-01T11:41:19 IST" time="12.949" errors="0">
  <testcase name="sample" time="12.949" classname="com.demoTestcases.demo"/>
  <system-out/>
</testsuite> <!-- com.demoTestcases.demo -->
