<?xml version="1.0" encoding="UTF-8"?>
<!-- Generated by org.testng.reporters.JUnitReportReporter -->
<testsuite skipped="0" hostname="LTA1INY4S2" name="com.demoTestcases.Testcase1" tests="2" failures="0" timestamp="2021-11-02T12:35:58 IST" time="15.142" errors="0">
  <testcase name="sample1" time="6.146" classname="com.demoTestcases.Testcase1"/>
  <system-out/>
  <testcase name="sample" time="8.996" classname="com.demoTestcases.Testcase1"/>
  <system-out/>
</testsuite> <!-- com.demoTestcases.Testcase1 -->
